Build started 2016-06-01 02:29:55.
     1>Project "c:\Users\Sniego\documents\visual studio 2012\Projects\ConsoleApplication1\ConsoleApplication1\ConsoleApplication1.vcxproj" on node 2 (Build target(s)).
     1>ClCompile:
         D:\P\Visual Studio\VC\bin\CL.exe /c /ID:\P\opencv\build\include /ZI /nologo /W3 /WX- /sdl /Od /Oy- /D WIN32 /D _DEBUG /D _CONSOLE /D _UNICODE /D UNICODE /Gm /EHsc /RTC1 /MDd /GS /fp:precise /Zc:wchar_t /Zc:forScope /Yc"stdafx.h" /Fp"Debug\ConsoleApplication1.pch" /Fo"Debug\\" /Fd"Debug\vc110.pdb" /Gd /TP /analyze- /errorReport:prompt stdafx.cpp
         stdafx.cpp
         D:\P\Visual Studio\VC\bin\CL.exe /c /ID:\P\opencv\build\include /ZI /nologo /W3 /WX- /sdl /Od /Oy- /D WIN32 /D _DEBUG /D _CONSOLE /D _UNICODE /D UNICODE /Gm /EHsc /RTC1 /MDd /GS /fp:precise /Zc:wchar_t /Zc:forScope /Yu"stdafx.h" /Fp"Debug\ConsoleApplication1.pch" /Fo"Debug\\" /Fd"Debug\vc110.pdb" /Gd /TP /analyze- /errorReport:prompt ConsoleApplication1.cpp
         ConsoleApplication1.cpp
     1>c:\users\sniego\documents\visual studio 2012\projects\consoleapplication1\consoleapplication1\consoleapplication1.cpp(350): warning C4244: 'initializing' : conversion from 'double' to 'int', possible loss of data
     1>c:\users\sniego\documents\visual studio 2012\projects\consoleapplication1\consoleapplication1\consoleapplication1.cpp(387): warning C4244: 'argument' : conversion from 'double' to 'int', possible loss of data
     1>c:\users\sniego\documents\visual studio 2012\projects\consoleapplication1\consoleapplication1\consoleapplication1.cpp(595): warning C4244: 'argument' : conversion from 'double' to 'int', possible loss of data
     1>c:\users\sniego\documents\visual studio 2012\projects\consoleapplication1\consoleapplication1\consoleapplication1.cpp(596): warning C4244: 'argument' : conversion from 'double' to 'int', possible loss of data
     1>c:\users\sniego\documents\visual studio 2012\projects\consoleapplication1\consoleapplication1\consoleapplication1.cpp(673): warning C4244: 'argument' : conversion from 'double' to 'int', possible loss of data
     1>c:\users\sniego\documents\visual studio 2012\projects\consoleapplication1\consoleapplication1\consoleapplication1.cpp(675): warning C4244: 'argument' : conversion from 'double' to 'int', possible loss of data
     1>c:\users\sniego\documents\visual studio 2012\projects\consoleapplication1\consoleapplication1\consoleapplication1.cpp(681): warning C4244: 'argument' : conversion from 'double' to 'int', possible loss of data
     1>c:\users\sniego\documents\visual studio 2012\projects\consoleapplication1\consoleapplication1\consoleapplication1.cpp(682): warning C4244: 'argument' : conversion from 'double' to 'int', possible loss of data
     1>c:\users\sniego\documents\visual studio 2012\projects\consoleapplication1\consoleapplication1\consoleapplication1.cpp(1379): warning C4244: 'argument' : conversion from 'double' to 'int', possible loss of data
     1>c:\users\sniego\documents\visual studio 2012\projects\consoleapplication1\consoleapplication1\consoleapplication1.cpp(1423): warning C4244: '=' : conversion from 'double' to 'int', possible loss of data
     1>c:\users\sniego\documents\visual studio 2012\projects\consoleapplication1\consoleapplication1\consoleapplication1.cpp(1425): warning C4244: '=' : conversion from 'double' to 'int', possible loss of data
       Link:
         D:\P\Visual Studio\VC\bin\link.exe /ERRORREPORT:PROMPT /OUT:"c:\users\sniego\documents\visual studio 2012\Projects\ConsoleApplication1\Debug\ConsoleApplication1.exe" /INCREMENTAL /NOLOGO /LIBPATH:D:\P\opencv\build\x86\vc12\lib opencv_calib3d2411d.lib opencv_core2411d.lib opencv_features2d2411d.lib opencv_flann2411d.lib opencv_highgui2411d.lib opencv_imgproc2411d.lib opencv_ml2411d.lib opencv_objdetect2411d.lib opencv_photo2411d.lib opencv_stitching2411d.lib opencv_superres2411d.lib opencv_ts2411d.lib opencv_video2411d.lib opencv_videostab2411d.lib kernel32.lib user32.lib gdi32.lib winspool.lib comdlg32.lib advapi32.lib shell32.lib ole32.lib oleaut32.lib uuid.lib odbc32.lib odbccp32.lib /MANIFEST /MANIFESTUAC:"level='asInvoker' uiAccess='false'" /manifest:embed /DEBUG /PDB:"c:\users\sniego\documents\visual studio 2012\Projects\ConsoleApplication1\Debug\ConsoleApplication1.pdb" /SUBSYSTEM:CONSOLE /TLBID:1 /DYNAMICBASE /NXCOMPAT /IMPLIB:"c:\users\sniego\documents\visual studio 2012\Projects\ConsoleApplication1\Debug\ConsoleApplication1.lib" /MACHINE:X86 Debug\ConsoleApplication1.obj
         Debug\stdafx.obj
         ConsoleApplication1.vcxproj -> c:\users\sniego\documents\visual studio 2012\Projects\ConsoleApplication1\Debug\ConsoleApplication1.exe
     1>Done Building Project "c:\Users\Sniego\documents\visual studio 2012\Projects\ConsoleApplication1\ConsoleApplication1\ConsoleApplication1.vcxproj" (Build target(s)).

Build succeeded.

Time Elapsed 00:00:02.15
